<?xml version="1.0" encoding="UTF-8"?>
<!-- Generated by org.testng.reporters.JUnitReportReporter -->
<testsuite hostname="pc_pierre" failures="0" tests="1" name="mouse.HoverAndDrag" time="194.836" errors="0" timestamp="28 avr. 2018 08:03:35 GMT" skipped="0">
  <testcase classname="mouse.HoverAndDrag" name="testMain" time="194.836"/>
</testsuite> <!-- mouse.HoverAndDrag -->
