<?xml version="1.0" encoding="UTF-8"?>
<!-- Generated by org.testng.reporters.JUnitReportReporter -->
<testsuite hostname="pc_pierre" failures="0" tests="1" name="mouse.MultiBrowserSwipe" time="124.731" errors="0" timestamp="28 avr. 2018 08:03:35 GMT" skipped="0">
  <testcase classname="mouse.MultiBrowserSwipe" name="testMain" time="124.731"/>
</testsuite> <!-- mouse.MultiBrowserSwipe -->
